<?xml version="1.0" encoding="UTF-8"?>
<!-- Generated by org.testng.reporters.JUnitReportReporter -->
<testsuite hostname="DESKTOP-AFRCN63" failures="0" tests="6" name="TestCases.TC002_LoginTest" time="58.835" errors="0" timestamp="2024-09-17T10:50:44 IST" skipped="0">
  <testcase classname="TestCases.TC002_LoginTest" name="loginDataDrivenTest" time="12.403"/>
  <testcase classname="TestCases.TC002_LoginTest" name="loginDataDrivenTest" time="11.585"/>
  <testcase classname="TestCases.TC002_LoginTest" name="loginDataDrivenTest" time="11.858"/>
  <testcase classname="TestCases.TC002_LoginTest" name="loginDataDrivenTest" time="12.774"/>
  <testcase classname="TestCases.TC002_LoginTest" name="loginDataDrivenTest" time="4.759"/>
  <testcase classname="TestCases.TC002_LoginTest" name="loginDataDrivenTest" time="5.456"/>
</testsuite> <!-- TestCases.TC002_LoginTest -->
