<?xml version="1.0" encoding="UTF-8"?>
<!-- Generated by org.testng.reporters.JUnitReportReporter -->
<testsuite hostname="DESKTOP-AFRCN63" failures="0" tests="6" name="TestCases.TC002_LoginTest" time="53.402" errors="0" timestamp="2024-09-25T18:33:01 IST" skipped="0">
  <testcase classname="TestCases.TC002_LoginTest" name="loginDataDrivenTest" time="2.867"/>
  <testcase classname="TestCases.TC002_LoginTest" name="loginDataDrivenTest" time="12.515"/>
  <testcase classname="TestCases.TC002_LoginTest" name="loginDataDrivenTest" time="11.149"/>
  <testcase classname="TestCases.TC002_LoginTest" name="loginDataDrivenTest" time="13.068"/>
  <testcase classname="TestCases.TC002_LoginTest" name="loginDataDrivenTest" time="2.788"/>
  <testcase classname="TestCases.TC002_LoginTest" name="loginDataDrivenTest" time="11.015"/>
</testsuite> <!-- TestCases.TC002_LoginTest -->
