<?xml version="1.0" encoding="UTF-8"?>
<!-- Generated by org.testng.reporters.JUnitReportReporter -->
<testsuite hostname="DESKTOP-AFRCN63" failures="0" tests="6" name="TestCases.TC002_LoginTest" time="59.581" errors="0" timestamp="2024-09-16T12:30:52 IST" skipped="0">
  <testcase classname="TestCases.TC002_LoginTest" name="loginDataDrivenTest" time="12.137"/>
  <testcase classname="TestCases.TC002_LoginTest" name="loginDataDrivenTest" time="13.764"/>
  <testcase classname="TestCases.TC002_LoginTest" name="loginDataDrivenTest" time="4.573"/>
  <testcase classname="TestCases.TC002_LoginTest" name="loginDataDrivenTest" time="5.388"/>
  <testcase classname="TestCases.TC002_LoginTest" name="loginDataDrivenTest" time="11.763"/>
  <testcase classname="TestCases.TC002_LoginTest" name="loginDataDrivenTest" time="11.956"/>
</testsuite> <!-- TestCases.TC002_LoginTest -->
