<?xml version="1.0" encoding="UTF-8"?>
<!-- Generated by org.testng.reporters.JUnitReportReporter -->
<testsuite hostname="DESKTOP-AFRCN63" failures="0" tests="1" name="TestCases.TC003_AddToCart" time="25.852" errors="0" timestamp="2024-09-25T21:43:05 IST" skipped="0">
  <testcase classname="TestCases.TC003_AddToCart" name="addToCart" time="25.852"/>
</testsuite> <!-- TestCases.TC003_AddToCart -->
