<?xml version="1.0" encoding="UTF-8"?>
<!-- Generated by org.testng.reporters.JUnitReportReporter -->
<testsuite hostname="DESKTOP-AFRCN63" failures="0" tests="7" name="TestCases.TC002_LoginTest" time="51.634" errors="0" timestamp="2024-09-18T10:52:44 IST" skipped="0">
  <testcase classname="TestCases.TC002_LoginTest" name="loginDataDrivenTest" time="2.193"/>
  <testcase classname="TestCases.TC002_LoginTest" name="validLoginTest" time="1.681"/>
  <testcase classname="TestCases.TC002_LoginTest" name="loginDataDrivenTest" time="2.534"/>
  <testcase classname="TestCases.TC002_LoginTest" name="loginDataDrivenTest" time="12.347"/>
  <testcase classname="TestCases.TC002_LoginTest" name="loginDataDrivenTest" time="10.717"/>
  <testcase classname="TestCases.TC002_LoginTest" name="loginDataDrivenTest" time="10.899"/>
  <testcase classname="TestCases.TC002_LoginTest" name="loginDataDrivenTest" time="11.263"/>
</testsuite> <!-- TestCases.TC002_LoginTest -->
