<?xml version="1.0" encoding="UTF-8"?>
<!-- Generated by org.testng.reporters.JUnitReportReporter -->
<testsuite hostname="DESKTOP-AFRCN63" failures="0" tests="1" name="TestCases.TC001_AccountRegistrationTest" time="2.347" errors="0" timestamp="2024-09-24T18:12:07 IST" skipped="0">
  <testcase classname="TestCases.TC001_AccountRegistrationTest" name="verify_AccountRegistration" time="2.347"/>
</testsuite> <!-- TestCases.TC001_AccountRegistrationTest -->
