<?xml version="1.0" encoding="UTF-8"?>
<!-- Generated by org.testng.reporters.JUnitReportReporter -->
<testsuite hostname="DESKTOP-AFRCN63" failures="0" tests="7" name="TestCases.TC002_LoginTest" time="58.771" errors="0" timestamp="2024-09-16T15:20:53 IST" skipped="0">
  <testcase classname="TestCases.TC002_LoginTest" name="loginDataDrivenTest" time="12.990"/>
  <testcase classname="TestCases.TC002_LoginTest" name="loginDataDrivenTest" time="3.665"/>
  <testcase classname="TestCases.TC002_LoginTest" name="loginDataDrivenTest" time="3.941"/>
  <testcase classname="TestCases.TC002_LoginTest" name="validLoginTest" time="2.628"/>
  <testcase classname="TestCases.TC002_LoginTest" name="loginDataDrivenTest" time="11.208"/>
  <testcase classname="TestCases.TC002_LoginTest" name="loginDataDrivenTest" time="13.024"/>
  <testcase classname="TestCases.TC002_LoginTest" name="loginDataDrivenTest" time="11.315"/>
</testsuite> <!-- TestCases.TC002_LoginTest -->
