<?xml version="1.0" encoding="UTF-8"?>
<!-- Generated by org.testng.reporters.JUnitReportReporter -->
<testsuite hostname="DESKTOP-AFRCN63" failures="0" tests="7" name="TestCases.TC002_LoginTest" time="56.321" errors="0" timestamp="2024-09-17T10:58:20 IST" skipped="0">
  <testcase classname="TestCases.TC002_LoginTest" name="loginDataDrivenTest" time="2.814"/>
  <testcase classname="TestCases.TC002_LoginTest" name="loginDataDrivenTest" time="12.068"/>
  <testcase classname="TestCases.TC002_LoginTest" name="loginDataDrivenTest" time="2.660"/>
  <testcase classname="TestCases.TC002_LoginTest" name="loginDataDrivenTest" time="10.994"/>
  <testcase classname="TestCases.TC002_LoginTest" name="loginDataDrivenTest" time="13.355"/>
  <testcase classname="TestCases.TC002_LoginTest" name="loginDataDrivenTest" time="12.068"/>
  <testcase classname="TestCases.TC002_LoginTest" name="validLoginTest" time="2.362"/>
</testsuite> <!-- TestCases.TC002_LoginTest -->
